00:14:03.062 [main                     ] DEBUG Logger               - Configured Logger
00:14:03.062 [main                     ] DEBUG GameApplication      - Logging settings
Title: BOMBERMAN
Version: 1.0
Width: 720
Height: 720
Fullscreen: false
Intro: false
Profiling: false
Single step:false
App Mode: DEVELOPER
Menu Key: ESCAPE
Stage Style: DECORATED
Scene Factory: class com.testniqatsu.bomberman.BombermanApp$1

00:14:03.656 [JavaFX Application Thread] DEBUG FXGLApplication      - Initializing FXGL
00:14:03.659 [JavaFX Application Thread] INFO  Engine               - FXGL-11.17 (16.07.2021 15.46) on WINDOWS (J:17.0.1 FX:16)
00:14:03.659 [JavaFX Application Thread] DEBUG Engine               - JRE Vendor Name: Oracle Corporation
00:14:03.659 [JavaFX Application Thread] DEBUG Engine               - Running on OS: Windows 10 version 10.0
00:14:03.659 [JavaFX Application Thread] DEBUG Engine               - Architecture: amd64
00:14:03.659 [JavaFX Application Thread] INFO  Engine               - Source code and latest versions at: https://github.com/AlmasB/FXGL
00:14:03.659 [JavaFX Application Thread] INFO  Engine               -              Join the FXGL chat at: https://gitter.im/AlmasB/FXGL
00:14:03.806 [JavaFX Application Thread] DEBUG PrimaryStageWindow   - Creating a JavaFX scene
00:14:03.857 [JavaFX Application Thread] DEBUG PrimaryStageWindow   - Target settings size: 720.0 x 720.0
00:14:03.857 [JavaFX Application Thread] DEBUG PrimaryStageWindow   - Scaled scene size:    720.0 x 720.0
00:14:03.857 [JavaFX Application Thread] DEBUG PrimaryStageWindow   - Scaled ratio: (1.0, 1.0)
00:14:03.858 [JavaFX Application Thread] DEBUG PrimaryStageWindow   - Set initial scene to FXGLStartupScene
00:14:03.865 [JavaFX Application Thread] DEBUG PrimaryStageWindow   - Opening main window
00:14:03.962 [JavaFX Application Thread] DEBUG PrimaryStageWindow   - Window border size: (14.4000244140625, 37.5999755859375)
00:14:03.962 [JavaFX Application Thread] DEBUG PrimaryStageWindow   - Scaled size: 720.0 x 720.0
00:14:03.962 [JavaFX Application Thread] DEBUG PrimaryStageWindow   - Scaled ratio: (1.0, 1.0)
00:14:03.962 [JavaFX Application Thread] DEBUG PrimaryStageWindow   - Scene size: 720.0 x 720.0
00:14:03.962 [JavaFX Application Thread] DEBUG PrimaryStageWindow   - Stage size: 734.4000244140625 x 757.5999755859375
00:14:03.971 [FXGL Background Thread 1 ] DEBUG Engine               - Initializing environment variables
00:14:04.049 [FXGL Background Thread 1 ] DEBUG FXGLAssetLoaderServi - User app class for loading assets: class com.testniqatsu.bomberman.BombermanApp
00:14:04.049 [FXGL Background Thread 1 ] DEBUG GameApplicationServi - Applying CSS: fxgl_dark.css
00:14:04.050 [FXGL Background Thread 1 ] DEBUG FXGLAssetLoaderServi - Loading from file system: jar:file:/D:/Code/BombermanJavaFx/Bomberman/out/artifacts/Bomberman_jar/Bomberman.jar!/fxglassets/ui/css/fxgl_dark.css
00:14:04.116 [FXGL Background Thread 1 ] DEBUG GameApplicationServi - Initializing application scenes
00:14:04.180 [FXGL Background Thread 1 ] DEBUG GameWorld            - Game world initialized
00:14:04.266 [FXGL Background Thread 1 ] DEBUG PhysicsWorld         - Physics world initialized: appHeight=720, physics.ppm=50.0
00:14:04.266 [FXGL Background Thread 1 ] DEBUG PhysicsWorld         - Using strategy: BRUTE_FORCE
00:14:04.269 [FXGL Background Thread 1 ] DEBUG GameScene            - Game scene initialized: 720x720
00:14:04.334 [FXGL Background Thread 1 ] DEBUG GameApplicationServi - Application scenes initialized
00:14:04.350 [FXGL Background Thread 1 ] DEBUG SystemBundleService  - Loading default FXGL system data
00:14:04.350 [FXGL Background Thread 1 ] DEBUG UpdaterService       - Checking for updates
00:14:04.388 [FXGL Background Thread 4 ] DEBUG FXGLApplication      - Loading fonts
00:14:04.389 [FXGL Background Thread 4 ] DEBUG FXGLAssetLoaderServi - Loading from file system: jar:file:/D:/Code/BombermanJavaFx/Bomberman/out/artifacts/Bomberman_jar/Bomberman.jar!/assets/ui/fonts/Quinquefive-Ea6d4.ttf
00:14:04.389 [FXGL Background Thread 1 ] DEBUG FXGLApplication      - Loading default localization
00:14:04.389 [FXGL Background Thread 1 ] DEBUG FXGLAssetLoaderServi - Loading from file system: jar:file:/D:/Code/BombermanJavaFx/Bomberman/out/artifacts/Bomberman_jar/Bomberman.jar!/fxglassets/languages/english.lang
00:14:04.412 [FXGL Background Thread 1 ] INFO  FXGLApplication      - FXGL initialization took: 0.441 sec
00:14:04.421 [JavaFX Application Thread] DEBUG Input                - Registered new binding: Move Up - W
00:14:04.422 [JavaFX Application Thread] DEBUG Input                - Registered new binding: Move Down - S
00:14:04.422 [JavaFX Application Thread] DEBUG Input                - Registered new binding: Move Left - A
00:14:04.422 [JavaFX Application Thread] DEBUG Input                - Registered new binding: Move Right - D
00:14:04.423 [JavaFX Application Thread] DEBUG Input                - Registered new binding: Place Bomb - Space
00:14:04.423 [JavaFX Application Thread] DEBUG FXGLAssetLoaderServi - Loading from file system: jar:file:/D:/Code/BombermanJavaFx/Bomberman/out/artifacts/Bomberman_jar/Bomberman.jar!/assets/music/title_screen.mp3
00:14:04.463 [FXGL Background Thread 4 ] DEBUG FXGLAssetLoaderServi - Loading from file system: jar:file:/D:/Code/BombermanJavaFx/Bomberman/out/artifacts/Bomberman_jar/Bomberman.jar!/fxglassets/ui/fonts/Abel-Regular.ttf
00:14:04.466 [FXGL Background Thread 4 ] DEBUG FXGLAssetLoaderServi - Loading from file system: jar:file:/D:/Code/BombermanJavaFx/Bomberman/out/artifacts/Bomberman_jar/Bomberman.jar!/fxglassets/ui/fonts/lucida_console.ttf
00:14:04.473 [FXGL Background Thread 4 ] DEBUG FXGLAssetLoaderServi - Loading from file system: jar:file:/D:/Code/BombermanJavaFx/Bomberman/out/artifacts/Bomberman_jar/Bomberman.jar!/fxglassets/ui/fonts/Courier-Prime.ttf
00:14:04.583 [JavaFX Application Thread] DEBUG AudioPlayer          - Playing music com.almasb.fxgl.audio.Music@1053a020
00:14:04.583 [JavaFX Application Thread] DEBUG FXGLAssetLoaderServi - Loading from file system: jar:file:/D:/Code/BombermanJavaFx/Bomberman/out/artifacts/Bomberman_jar/Bomberman.jar!/fxglassets/textures/fxgl_icon.png
00:14:04.614 [JavaFX Application Thread] DEBUG FXGLAssetLoaderServi - Loading from file system: jar:file:/D:/Code/BombermanJavaFx/Bomberman/out/artifacts/Bomberman_jar/Bomberman.jar!/fxglassets/textures/fxgl_default_cursor.png
00:14:04.617 [JavaFX Application Thread] DEBUG Input                - Registered new binding: Screenshot - CTRL+8
00:14:04.617 [JavaFX Application Thread] DEBUG Input                - Registered new binding: Dev Options - 1
00:14:04.618 [JavaFX Application Thread] DEBUG Input                - Registered new binding: Dev Console - 2
00:14:04.619 [JavaFX Application Thread] DEBUG Input                - Registered new binding: System info dump - CTRL+9
00:14:04.620 [JavaFX Application Thread] DEBUG Input                - Registered new binding: Restart - CTRL+R
00:14:04.621 [JavaFX Application Thread] DEBUG Input                - Registered new binding: Toggle Debug Camera - CTRL+C
00:14:04.629 [JavaFX Application Thread] DEBUG LoopRunner           - Starting loop
00:14:04.651 [JavaFX Application Thread] DEBUG LoopRunner           - Initializing JavaFX AnimationTimerLoop
00:14:04.658 [JavaFX Application Thread] DEBUG Input                - Clearing active input actions
00:14:04.670 [JavaFX Application Thread] DEBUG GameApplicationServi - Removing overlay from FXGLStartupScene and adding to FXGLMainMenuDummyScene
00:14:04.676 [JavaFX Application Thread] DEBUG PrimaryStageWindow   - FXGLStartupScene -> FXGLMainMenuDummyScene
00:14:04.677 [JavaFX Application Thread] DEBUG PrimaryStageWindow   - Push state: BombermanMenu
00:14:04.677 [JavaFX Application Thread] DEBUG Input                - Clearing active input actions
00:14:04.683 [JavaFX Application Thread] DEBUG GameApplicationServi - Removing overlay from FXGLMainMenuDummyScene and adding to BombermanMenu
00:14:04.684 [JavaFX Application Thread] DEBUG PrimaryStageWindow   - FXGLMainMenuDummyScene -> BombermanMenu
00:14:04.684 [JavaFX Application Thread] DEBUG FXGLApplication      - Registering font factories with UI factory
00:14:07.388 [FXGL Background Thread 3 ] DEBUG Engine               - Logging environment variables
00:14:07.388 [FXGL Background Thread 3 ] DEBUG Engine               - achievements: []
00:14:07.388 [FXGL Background Thread 3 ] DEBUG Engine               - actualHeight: 720.0
00:14:07.389 [FXGL Background Thread 3 ] DEBUG Engine               - actualHeightProperty: ReadOnlyDoubleProperty [value: 720.0]
00:14:07.389 [FXGL Background Thread 3 ] DEBUG Engine               - actualWidth: 720.0
00:14:07.389 [FXGL Background Thread 3 ] DEBUG Engine               - actualWidthProperty: ReadOnlyDoubleProperty [value: 720.0]
00:14:07.389 [FXGL Background Thread 3 ] DEBUG Engine               - appIcon: fxgl_icon.png
00:14:07.389 [FXGL Background Thread 3 ] DEBUG Engine               - applicationMode: DEVELOPER
00:14:07.389 [FXGL Background Thread 3 ] DEBUG Engine               - cSSList: [fxgl_dark.css]
00:14:07.389 [FXGL Background Thread 3 ] DEBUG Engine               - collisionDetectionStrategy: BRUTE_FORCE
00:14:07.389 [FXGL Background Thread 3 ] DEBUG Engine               - configClass: Optional.empty
00:14:07.389 [FXGL Background Thread 3 ] DEBUG Engine               - credits: []
00:14:07.390 [FXGL Background Thread 3 ] DEBUG Engine               - defaultCursor: CursorInfo(imageName=fxgl_default_cursor.png, hotspotX=7.0, hotspotY=6.0)
00:14:07.390 [FXGL Background Thread 3 ] DEBUG Engine               - devBBoxColorProperty: ObjectProperty [value: 0xff0000ff]
00:14:07.390 [FXGL Background Thread 3 ] DEBUG Engine               - devEnableDebugCameraProperty: BooleanProperty [value: false]
00:14:07.390 [FXGL Background Thread 3 ] DEBUG Engine               - devSensorColorProperty: ObjectProperty [value: 0xffff00ff]
00:14:07.390 [FXGL Background Thread 3 ] DEBUG Engine               - devShowBBoxProperty: BooleanProperty [value: false]
00:14:07.390 [FXGL Background Thread 3 ] DEBUG Engine               - devShowPositionProperty: BooleanProperty [value: false]
00:14:07.390 [FXGL Background Thread 3 ] DEBUG Engine               - enabledMenuItems: []
00:14:07.390 [FXGL Background Thread 3 ] DEBUG Engine               - engineServices: [class com.almasb.fxgl.app.services.FXGLAssetLoaderService, class com.almasb.fxgl.app.FXGLApplication$GameApplicationService, class com.almasb.fxgl.app.services.FXGLDialogService, class com.almasb.fxgl.app.services.IOTaskExecutorService, class com.almasb.fxgl.io.FileSystemService, class com.almasb.fxgl.localization.LocalizationService, class com.almasb.fxgl.app.services.SystemBundleService, class com.almasb.fxgl.profile.SaveLoadService, class com.almasb.fxgl.ui.FXGLUIFactoryServiceProvider, class com.almasb.fxgl.ui.FXGLDialogFactoryServiceProvider, class com.almasb.fxgl.audio.AudioPlayer, class com.almasb.fxgl.notification.impl.NotificationServiceProvider, class com.almasb.fxgl.achievement.AchievementService, class com.almasb.fxgl.cutscene.CutsceneService, class com.almasb.fxgl.minigames.MiniGameService, class com.almasb.fxgl.net.NetService, class com.almasb.fxgl.app.services.UpdaterService, class com.almasb.fxgl.dev.DevService]
00:14:07.391 [FXGL Background Thread 3 ] DEBUG Engine               - fontGame: Abel-Regular.ttf
00:14:07.391 [FXGL Background Thread 3 ] DEBUG Engine               - fontMono: lucida_console.ttf
00:14:07.391 [FXGL Background Thread 3 ] DEBUG Engine               - fontText: Courier-Prime.ttf
00:14:07.391 [FXGL Background Thread 3 ] DEBUG Engine               - fontUI: Quinquefive-Ea6d4.ttf
00:14:07.391 [FXGL Background Thread 3 ] DEBUG Engine               - fullScreen: BooleanProperty [value: false]
00:14:07.391 [FXGL Background Thread 3 ] DEBUG Engine               - gameDifficulty: MEDIUM
00:14:07.391 [FXGL Background Thread 3 ] DEBUG Engine               - gameDifficultyProperty: ObjectProperty [value: MEDIUM]
00:14:07.391 [FXGL Background Thread 3 ] DEBUG Engine               - globalMusicVolume: 0.5
00:14:07.391 [FXGL Background Thread 3 ] DEBUG Engine               - globalMusicVolumeProperty: DoubleProperty [value: 0.05]
00:14:07.392 [FXGL Background Thread 3 ] DEBUG Engine               - globalSoundVolume: 0.5
00:14:07.392 [FXGL Background Thread 3 ] DEBUG Engine               - globalSoundVolumeProperty: DoubleProperty [value: 0.4]
00:14:07.392 [FXGL Background Thread 3 ] DEBUG Engine               - height: 720
00:14:07.392 [FXGL Background Thread 3 ] DEBUG Engine               - is3D: false
00:14:07.392 [FXGL Background Thread 3 ] DEBUG Engine               - isAndroid: false
00:14:07.392 [FXGL Background Thread 3 ] DEBUG Engine               - isBrowser: false
00:14:07.392 [FXGL Background Thread 3 ] DEBUG Engine               - isClickFeedbackEnabled: false
00:14:07.392 [FXGL Background Thread 3 ] DEBUG Engine               - isCloseConfirmation: false
00:14:07.392 [FXGL Background Thread 3 ] DEBUG Engine               - isDesktop: true
00:14:07.392 [FXGL Background Thread 3 ] DEBUG Engine               - isDeveloperMenuEnabled: true
00:14:07.393 [FXGL Background Thread 3 ] DEBUG Engine               - isEntityPreloadEnabled: true
00:14:07.393 [FXGL Background Thread 3 ] DEBUG Engine               - isExperimentalTiledLargeMap: false
00:14:07.393 [FXGL Background Thread 3 ] DEBUG Engine               - isFileSystemWriteAllowed: true
00:14:07.393 [FXGL Background Thread 3 ] DEBUG Engine               - isFullScreenAllowed: false
00:14:07.393 [FXGL Background Thread 3 ] DEBUG Engine               - isFullScreenFromStart: false
00:14:07.393 [FXGL Background Thread 3 ] DEBUG Engine               - isGameMenuEnabled: true
00:14:07.393 [FXGL Background Thread 3 ] DEBUG Engine               - isIOS: false
00:14:07.393 [FXGL Background Thread 3 ] DEBUG Engine               - isIntroEnabled: false
00:14:07.393 [FXGL Background Thread 3 ] DEBUG Engine               - isLinux: false
00:14:07.393 [FXGL Background Thread 3 ] DEBUG Engine               - isMac: false
00:14:07.394 [FXGL Background Thread 3 ] DEBUG Engine               - isMainMenuEnabled: true
00:14:07.394 [FXGL Background Thread 3 ] DEBUG Engine               - isManualResizeEnabled: true
00:14:07.394 [FXGL Background Thread 3 ] DEBUG Engine               - isMobile: false
00:14:07.394 [FXGL Background Thread 3 ] DEBUG Engine               - isNative: false
00:14:07.394 [FXGL Background Thread 3 ] DEBUG Engine               - isPauseMusicWhenMinimized: true
00:14:07.394 [FXGL Background Thread 3 ] DEBUG Engine               - isPreserveResizeRatio: true
00:14:07.394 [FXGL Background Thread 3 ] DEBUG Engine               - isProfilingEnabled: false
00:14:07.394 [FXGL Background Thread 3 ] DEBUG Engine               - isScaleAffectedOnResize: true
00:14:07.394 [FXGL Background Thread 3 ] DEBUG Engine               - isSingleStep: false
00:14:07.394 [FXGL Background Thread 3 ] DEBUG Engine               - isUserProfileEnabled: false
00:14:07.394 [FXGL Background Thread 3 ] DEBUG Engine               - isWindows: true
00:14:07.394 [FXGL Background Thread 3 ] DEBUG Engine               - language: ObjectProperty [value: ENGLISH]
00:14:07.394 [FXGL Background Thread 3 ] DEBUG Engine               - menuKey: ESCAPE
00:14:07.395 [FXGL Background Thread 3 ] DEBUG Engine               - mouseSensitivity: 0.2
00:14:07.395 [FXGL Background Thread 3 ] DEBUG Engine               - notificationViewClass: class com.almasb.fxgl.notification.view.XboxNotificationView
00:14:07.395 [FXGL Background Thread 3 ] DEBUG Engine               - pixelsPerMeter: 50.0
00:14:07.395 [FXGL Background Thread 3 ] DEBUG Engine               - platform: WINDOWS
00:14:07.395 [FXGL Background Thread 3 ] DEBUG Engine               - prefHeightProperty: ReadOnlyDoubleProperty [value: 720.0]
00:14:07.395 [FXGL Background Thread 3 ] DEBUG Engine               - prefWidthProperty: ReadOnlyDoubleProperty [value: 720.0]
00:14:07.395 [FXGL Background Thread 3 ] DEBUG Engine               - profileDir: profiles/
00:14:07.395 [FXGL Background Thread 3 ] DEBUG Engine               - profileName: StringProperty [value: DEFAULT]
00:14:07.395 [FXGL Background Thread 3 ] DEBUG Engine               - randomSeed: -1
00:14:07.395 [FXGL Background Thread 3 ] DEBUG Engine               - runtimeInfo: RuntimeInfo(platform=WINDOWS, version=11.17, build=16.07.2021 15.46)
00:14:07.395 [FXGL Background Thread 3 ] DEBUG Engine               - saveFileExt: sav
00:14:07.395 [FXGL Background Thread 3 ] DEBUG Engine               - scaledHeightProp$fxgl: DoubleProperty [bound, value: 720.0]
00:14:07.396 [FXGL Background Thread 3 ] DEBUG Engine               - scaledWidthProp$fxgl: DoubleProperty [bound, value: 720.0]
00:14:07.396 [FXGL Background Thread 3 ] DEBUG Engine               - sceneFactory: com.testniqatsu.bomberman.BombermanApp$1@1d674a70
00:14:07.396 [FXGL Background Thread 3 ] DEBUG Engine               - secondsIn24h: 60
00:14:07.396 [FXGL Background Thread 3 ] DEBUG Engine               - soundMenuBack: menu/back.wav
00:14:07.396 [FXGL Background Thread 3 ] DEBUG Engine               - soundMenuPress: menu/press.wav
00:14:07.396 [FXGL Background Thread 3 ] DEBUG Engine               - soundMenuSelect: menu/select.wav
00:14:07.396 [FXGL Background Thread 3 ] DEBUG Engine               - soundNotification: core/notification.wav
00:14:07.396 [FXGL Background Thread 3 ] DEBUG Engine               - stageStyle: DECORATED
00:14:07.397 [FXGL Background Thread 3 ] DEBUG Engine               - supportedLanguages: [ENGLISH, FRENCH, GERMAN, HUNGARIAN, RUSSIAN]
00:14:07.397 [FXGL Background Thread 3 ] DEBUG Engine               - ticksPerSecond: -1
00:14:07.397 [FXGL Background Thread 3 ] DEBUG Engine               - title: BOMBERMAN
00:14:07.397 [FXGL Background Thread 3 ] DEBUG Engine               - urlGithub: https://github.com/AlmasB/FXGL
00:14:07.397 [FXGL Background Thread 3 ] DEBUG Engine               - urlLeaderboard: http://fxgl-top.herokuapp.com/
00:14:07.397 [FXGL Background Thread 3 ] DEBUG Engine               - urlPOM: https://raw.githubusercontent.com/AlmasB/FXGL/release/README.md
00:14:07.397 [FXGL Background Thread 3 ] DEBUG Engine               - userAppClass: class com.testniqatsu.bomberman.BombermanApp
00:14:07.397 [FXGL Background Thread 3 ] DEBUG Engine               - version: 1.0
00:14:07.397 [FXGL Background Thread 3 ] DEBUG Engine               - versionCheckDays: 7
00:14:07.398 [FXGL Background Thread 3 ] DEBUG Engine               - width: 720
00:14:07.398 [FXGL Background Thread 3 ] DEBUG Engine               - Logging services
00:14:07.398 [FXGL Background Thread 3 ] DEBUG Engine               - class com.almasb.fxgl.app.services.FXGLAssetLoaderService
00:14:07.398 [FXGL Background Thread 3 ] DEBUG Engine               - class com.almasb.fxgl.app.FXGLApplication$GameApplicationService
00:14:07.398 [FXGL Background Thread 3 ] DEBUG Engine               - class com.almasb.fxgl.app.services.FXGLDialogService
00:14:07.398 [FXGL Background Thread 3 ] DEBUG Engine               - class com.almasb.fxgl.app.services.IOTaskExecutorService
00:14:07.398 [FXGL Background Thread 3 ] DEBUG Engine               - class com.almasb.fxgl.io.FileSystemService
00:14:07.398 [FXGL Background Thread 3 ] DEBUG Engine               - class com.almasb.fxgl.localization.LocalizationService
00:14:07.398 [FXGL Background Thread 3 ] DEBUG Engine               - class com.almasb.fxgl.app.services.SystemBundleService
00:14:07.398 [FXGL Background Thread 3 ] DEBUG Engine               - class com.almasb.fxgl.profile.SaveLoadService
00:14:07.399 [FXGL Background Thread 3 ] DEBUG Engine               - class com.almasb.fxgl.ui.FXGLUIFactoryServiceProvider
00:14:07.399 [FXGL Background Thread 3 ] DEBUG Engine               - class com.almasb.fxgl.ui.FXGLDialogFactoryServiceProvider
00:14:07.399 [FXGL Background Thread 3 ] DEBUG Engine               - class com.almasb.fxgl.audio.AudioPlayer
00:14:07.399 [FXGL Background Thread 3 ] DEBUG Engine               - class com.almasb.fxgl.notification.impl.NotificationServiceProvider
00:14:07.399 [FXGL Background Thread 3 ] DEBUG Engine               - class com.almasb.fxgl.achievement.AchievementService
00:14:07.399 [FXGL Background Thread 3 ] DEBUG Engine               - class com.almasb.fxgl.cutscene.CutsceneService
00:14:07.399 [FXGL Background Thread 3 ] DEBUG Engine               - class com.almasb.fxgl.minigames.MiniGameService
00:14:07.399 [FXGL Background Thread 3 ] DEBUG Engine               - class com.almasb.fxgl.net.NetService
00:14:07.400 [FXGL Background Thread 3 ] DEBUG Engine               - class com.almasb.fxgl.app.services.UpdaterService
00:14:07.400 [FXGL Background Thread 3 ] DEBUG Engine               - class com.almasb.fxgl.dev.DevService
00:14:07.902 [JavaFX Application Thread] DEBUG Menu                 - fireNewGame()
00:14:07.902 [JavaFX Application Thread] DEBUG GameApplicationServi - Starting new game
00:14:07.902 [JavaFX Application Thread] DEBUG PrimaryStageWindow   - Pop state: BombermanMenu
00:14:07.902 [JavaFX Application Thread] DEBUG Input                - Clearing active input actions
00:14:07.903 [JavaFX Application Thread] DEBUG GameApplicationServi - Removing overlay from BombermanMenu and adding to FXGLMainMenuDummyScene
00:14:07.904 [JavaFX Application Thread] DEBUG PrimaryStageWindow   - FXGLMainMenuDummyScene <- BombermanMenu
00:14:07.904 [JavaFX Application Thread] DEBUG Input                - Clearing active input actions
00:14:07.908 [JavaFX Application Thread] DEBUG GameApplicationServi - Removing overlay from FXGLMainMenuDummyScene and adding to FXGLLoadingScene
00:14:07.909 [JavaFX Application Thread] DEBUG PrimaryStageWindow   - FXGLMainMenuDummyScene -> FXGLLoadingScene
00:14:07.909 [JavaFX Application Thread] DEBUG GameApplicationServi - Clearing previous game
00:14:07.909 [JavaFX Application Thread] DEBUG GameScene            - Clearing game scene
00:14:07.909 [JavaFX Application Thread] DEBUG GameWorld            - Clearing game world
00:14:07.909 [JavaFX Application Thread] DEBUG PhysicsWorld         - Clearing physics world
00:14:07.911 [FXGL Background Thread 2 ] DEBUG FXGLApplication      - Initializing game
00:14:07.964 [FXGL Background Thread 2 ] WARN  TMXLevelLoader       - TiledMap generated from 1.7.2. Supported version: 1.2.3. Some features may not be parsed fully.
00:14:07.998 [FXGL Background Thread 2 ] DEBUG TMXLevelLoader       - Parsed TiledMap: jar:file:/D:/Code/BombermanJavaFx/Bomberman/out/artifacts/Bomberman_jar/Bomberman.jar!/assets/levels/bbm_level1.tmx
00:14:07.999 [FXGL Background Thread 2 ] DEBUG TMXLevelLoader       - Creating tile layer entities
00:14:07.999 [FXGL Background Thread 2 ] DEBUG TilesetLoader        - Loading view for layer Tile Layer 1
00:14:08.005 [FXGL Background Thread 2 ] DEBUG TilesetLoader        - Created buffer with size 1488.0x720.0
00:14:08.112 [FXGL Background Thread 2 ] DEBUG TMXLevelLoader       - Creating object layer entities
00:14:08.118 [FXGL Background Thread 2 ] DEBUG FXGLAssetLoaderServi - Loading from file system: jar:file:/D:/Code/BombermanJavaFx/Bomberman/out/artifacts/Bomberman_jar/Bomberman.jar!/assets/textures/brick.png
00:14:08.165 [FXGL Background Thread 2 ] DEBUG FXGLAssetLoaderServi - Loading from file system: jar:file:/D:/Code/BombermanJavaFx/Bomberman/out/artifacts/Bomberman_jar/Bomberman.jar!/assets/textures/player_die.png
00:14:08.169 [FXGL Background Thread 2 ] DEBUG FXGLAssetLoaderServi - Loading from file system: jar:file:/D:/Code/BombermanJavaFx/Bomberman/out/artifacts/Bomberman_jar/Bomberman.jar!/assets/textures/player_down.png
00:14:08.170 [FXGL Background Thread 2 ] DEBUG FXGLAssetLoaderServi - Loading from file system: jar:file:/D:/Code/BombermanJavaFx/Bomberman/out/artifacts/Bomberman_jar/Bomberman.jar!/assets/textures/player_right.png
00:14:08.172 [FXGL Background Thread 2 ] DEBUG FXGLAssetLoaderServi - Loading from file system: jar:file:/D:/Code/BombermanJavaFx/Bomberman/out/artifacts/Bomberman_jar/Bomberman.jar!/assets/textures/player_up.png
00:14:08.174 [FXGL Background Thread 2 ] DEBUG FXGLAssetLoaderServi - Loading from file system: jar:file:/D:/Code/BombermanJavaFx/Bomberman/out/artifacts/Bomberman_jar/Bomberman.jar!/assets/textures/player_left.png
00:14:08.203 [FXGL Background Thread 2 ] DEBUG FXGLAssetLoaderServi - Loading from file system: jar:file:/D:/Code/BombermanJavaFx/Bomberman/out/artifacts/Bomberman_jar/Bomberman.jar!/assets/textures/balloom.png
00:14:08.211 [FXGL Background Thread 2 ] DEBUG FXGLAssetLoaderServi - Loading from file system: jar:file:/D:/Code/BombermanJavaFx/Bomberman/out/artifacts/Bomberman_jar/Bomberman.jar!/assets/textures/oneal.png
00:14:08.220 [FXGL Background Thread 2 ] DEBUG FXGLAssetLoaderServi - Loading from file system: jar:file:/D:/Code/BombermanJavaFx/Bomberman/out/artifacts/Bomberman_jar/Bomberman.jar!/assets/textures/powerup_speed.png
00:14:08.225 [FXGL Background Thread 2 ] DEBUG FXGLAssetLoaderServi - Loading from file system: jar:file:/D:/Code/BombermanJavaFx/Bomberman/out/artifacts/Bomberman_jar/Bomberman.jar!/assets/textures/powerup_flames.png
00:14:08.226 [FXGL Background Thread 2 ] DEBUG FXGLAssetLoaderServi - Loading from file system: jar:file:/D:/Code/BombermanJavaFx/Bomberman/out/artifacts/Bomberman_jar/Bomberman.jar!/assets/textures/powerup_bombs.png
00:14:08.228 [FXGL Background Thread 2 ] DEBUG FXGLAssetLoaderServi - Loading from file system: jar:file:/D:/Code/BombermanJavaFx/Bomberman/out/artifacts/Bomberman_jar/Bomberman.jar!/assets/textures/powerup_flamepass.png
00:14:08.229 [FXGL Background Thread 2 ] DEBUG FXGLAssetLoaderServi - Loading from file system: jar:file:/D:/Code/BombermanJavaFx/Bomberman/out/artifacts/Bomberman_jar/Bomberman.jar!/assets/textures/portal.png
00:14:08.232 [FXGL Background Thread 2 ] DEBUG GameWorld            - Clearing removable entities
00:14:08.232 [FXGL Background Thread 2 ] DEBUG GameWorld            - Setting level: com.almasb.fxgl.entity.level.Level@639342c7
00:14:08.346 [FXGL Background Thread 2 ] INFO  FXGLApplication      - Game initialization took: 0.434 sec
00:14:08.355 [JavaFX Application Thread] DEBUG Input                - Clearing active input actions
00:14:08.366 [JavaFX Application Thread] DEBUG GameApplicationServi - Removing overlay from FXGLLoadingScene and adding to GameScene
00:14:08.369 [JavaFX Application Thread] DEBUG PrimaryStageWindow   - FXGLLoadingScene -> GameScene
00:14:08.379 [JavaFX Application Thread] DEBUG FXGLAssetLoaderServi - Loading from file system: jar:file:/D:/Code/BombermanJavaFx/Bomberman/out/artifacts/Bomberman_jar/Bomberman.jar!/assets/sounds/walk_1.wav
00:14:11.399 [JavaFX Application Thread] DEBUG FXGLAssetLoaderServi - Loading from file system: jar:file:/D:/Code/BombermanJavaFx/Bomberman/out/artifacts/Bomberman_jar/Bomberman.jar!/assets/sounds/walk_2.wav
00:14:17.302 [JavaFX Application Thread] DEBUG FXGLAssetLoaderServi - Loading from file system: jar:file:/D:/Code/BombermanJavaFx/Bomberman/out/artifacts/Bomberman_jar/Bomberman.jar!/assets/sounds/placed_bomb.wav
00:14:17.306 [JavaFX Application Thread] DEBUG FXGLAssetLoaderServi - Loading from file system: jar:file:/D:/Code/BombermanJavaFx/Bomberman/out/artifacts/Bomberman_jar/Bomberman.jar!/assets/textures/bomb_ani.png
00:14:19.815 [JavaFX Application Thread] DEBUG FXGLAssetLoaderServi - Loading from file system: jar:file:/D:/Code/BombermanJavaFx/Bomberman/out/artifacts/Bomberman_jar/Bomberman.jar!/assets/sounds/bomb_explored.wav
00:14:19.822 [JavaFX Application Thread] DEBUG FXGLAssetLoaderServi - Loading from file system: jar:file:/D:/Code/BombermanJavaFx/Bomberman/out/artifacts/Bomberman_jar/Bomberman.jar!/assets/textures/bomb_exploded_1.png
00:14:19.828 [JavaFX Application Thread] DEBUG FXGLAssetLoaderServi - Loading from file system: jar:file:/D:/Code/BombermanJavaFx/Bomberman/out/artifacts/Bomberman_jar/Bomberman.jar!/assets/textures/brick_break.png
00:14:35.735 [JavaFX Application Thread] DEBUG FXGLAssetLoaderServi - Loading from file system: jar:file:/D:/Code/BombermanJavaFx/Bomberman/out/artifacts/Bomberman_jar/Bomberman.jar!/assets/sounds/power_up.wav
00:14:35.737 [JavaFX Application Thread] DEBUG FXGLAssetLoaderServi - Loading from file system: jar:file:/D:/Code/BombermanJavaFx/Bomberman/out/artifacts/Bomberman_jar/Bomberman.jar!/assets/textures/player_down_1.png
00:14:35.738 [JavaFX Application Thread] DEBUG FXGLAssetLoaderServi - Loading from file system: jar:file:/D:/Code/BombermanJavaFx/Bomberman/out/artifacts/Bomberman_jar/Bomberman.jar!/assets/textures/player_right_1.png
00:14:35.738 [JavaFX Application Thread] DEBUG FXGLAssetLoaderServi - Loading from file system: jar:file:/D:/Code/BombermanJavaFx/Bomberman/out/artifacts/Bomberman_jar/Bomberman.jar!/assets/textures/player_up_1.png
00:14:35.739 [JavaFX Application Thread] DEBUG FXGLAssetLoaderServi - Loading from file system: jar:file:/D:/Code/BombermanJavaFx/Bomberman/out/artifacts/Bomberman_jar/Bomberman.jar!/assets/textures/player_left_1.png
00:15:17.288 [JavaFX Application Thread] WARN  TMXLevelLoader       - TiledMap generated from 1.7.2. Supported version: 1.2.3. Some features may not be parsed fully.
00:15:17.300 [JavaFX Application Thread] DEBUG TMXLevelLoader       - Parsed TiledMap: jar:file:/D:/Code/BombermanJavaFx/Bomberman/out/artifacts/Bomberman_jar/Bomberman.jar!/assets/levels/bbm_level1.tmx
00:15:17.300 [JavaFX Application Thread] DEBUG TMXLevelLoader       - Creating tile layer entities
00:15:17.301 [JavaFX Application Thread] DEBUG TilesetLoader        - Loading view for layer Tile Layer 1
00:15:17.302 [JavaFX Application Thread] DEBUG TilesetLoader        - Created buffer with size 1488.0x720.0
00:15:17.368 [JavaFX Application Thread] DEBUG TMXLevelLoader       - Creating object layer entities
00:15:17.388 [JavaFX Application Thread] DEBUG GameWorld            - Clearing removable entities
00:15:17.393 [JavaFX Application Thread] DEBUG GameWorld            - Setting level: com.almasb.fxgl.entity.level.Level@55114843
00:16:07.639 [JavaFX Application Thread] WARN  GameWorld            - Attempted to remove entity which is not active
00:16:21.113 [JavaFX Application Thread] WARN  TMXLevelLoader       - TiledMap generated from 1.7.2. Supported version: 1.2.3. Some features may not be parsed fully.
00:16:21.119 [JavaFX Application Thread] DEBUG TMXLevelLoader       - Parsed TiledMap: jar:file:/D:/Code/BombermanJavaFx/Bomberman/out/artifacts/Bomberman_jar/Bomberman.jar!/assets/levels/bbm_level1.tmx
00:16:21.119 [JavaFX Application Thread] DEBUG TMXLevelLoader       - Creating tile layer entities
00:16:21.119 [JavaFX Application Thread] DEBUG TilesetLoader        - Loading view for layer Tile Layer 1
00:16:21.121 [JavaFX Application Thread] DEBUG TilesetLoader        - Created buffer with size 1488.0x720.0
00:16:21.170 [JavaFX Application Thread] DEBUG TMXLevelLoader       - Creating object layer entities
00:16:21.184 [JavaFX Application Thread] DEBUG GameWorld            - Clearing removable entities
00:16:21.189 [JavaFX Application Thread] DEBUG GameWorld            - Setting level: com.almasb.fxgl.entity.level.Level@284030cd
00:16:26.605 [JavaFX Application Thread] DEBUG PrimaryStageWindow   - Push state: DialogSubScene
00:16:26.605 [JavaFX Application Thread] DEBUG Input                - Clearing active input actions
00:16:26.605 [JavaFX Application Thread] DEBUG GameApplicationServi - Removing overlay from GameScene and adding to DialogSubScene
00:16:26.606 [JavaFX Application Thread] DEBUG PrimaryStageWindow   - GameScene -> DialogSubScene
00:16:26.609 [JavaFX Application Thread] WARN  TMXLevelLoader       - TiledMap generated from 1.7.2. Supported version: 1.2.3. Some features may not be parsed fully.
00:16:26.613 [JavaFX Application Thread] DEBUG TMXLevelLoader       - Parsed TiledMap: jar:file:/D:/Code/BombermanJavaFx/Bomberman/out/artifacts/Bomberman_jar/Bomberman.jar!/assets/levels/bbm_level1.tmx
00:16:26.613 [JavaFX Application Thread] DEBUG TMXLevelLoader       - Creating tile layer entities
00:16:26.613 [JavaFX Application Thread] DEBUG TilesetLoader        - Loading view for layer Tile Layer 1
00:16:26.615 [JavaFX Application Thread] DEBUG TilesetLoader        - Created buffer with size 1488.0x720.0
00:16:26.660 [JavaFX Application Thread] DEBUG TMXLevelLoader       - Creating object layer entities
00:16:26.674 [JavaFX Application Thread] DEBUG GameWorld            - Clearing removable entities
00:16:26.680 [JavaFX Application Thread] DEBUG GameWorld            - Setting level: com.almasb.fxgl.entity.level.Level@258c6772
00:16:28.693 [JavaFX Application Thread] DEBUG PrimaryStageWindow   - Pop state: DialogSubScene
00:16:28.693 [JavaFX Application Thread] DEBUG Input                - Clearing active input actions
00:16:28.693 [JavaFX Application Thread] DEBUG GameApplicationServi - Removing overlay from DialogSubScene and adding to GameScene
00:16:28.694 [JavaFX Application Thread] DEBUG PrimaryStageWindow   - GameScene <- DialogSubScene
00:16:28.694 [JavaFX Application Thread] DEBUG Input                - Clearing active input actions
00:16:28.701 [JavaFX Application Thread] DEBUG GameApplicationServi - Removing overlay from GameScene and adding to FXGLMainMenuDummyScene
00:16:28.701 [JavaFX Application Thread] DEBUG PrimaryStageWindow   - GameScene -> FXGLMainMenuDummyScene
00:16:28.701 [JavaFX Application Thread] DEBUG PrimaryStageWindow   - Push state: BombermanMenu
00:16:28.701 [JavaFX Application Thread] DEBUG Input                - Clearing active input actions
00:16:28.702 [JavaFX Application Thread] DEBUG GameApplicationServi - Removing overlay from FXGLMainMenuDummyScene and adding to BombermanMenu
00:16:28.710 [JavaFX Application Thread] DEBUG PrimaryStageWindow   - FXGLMainMenuDummyScene -> BombermanMenu
00:16:30.072 [JavaFX Application Thread] DEBUG PrimaryStageWindow   - Push state: DialogSubScene
00:16:30.072 [JavaFX Application Thread] DEBUG Input                - Clearing active input actions
00:16:30.073 [JavaFX Application Thread] DEBUG GameApplicationServi - Removing overlay from BombermanMenu and adding to DialogSubScene
00:16:30.073 [JavaFX Application Thread] DEBUG PrimaryStageWindow   - BombermanMenu -> DialogSubScene
00:16:30.780 [JavaFX Application Thread] DEBUG PrimaryStageWindow   - Pop state: DialogSubScene
00:16:30.781 [JavaFX Application Thread] DEBUG Input                - Clearing active input actions
00:16:30.781 [JavaFX Application Thread] DEBUG GameApplicationServi - Removing overlay from DialogSubScene and adding to BombermanMenu
00:16:30.781 [JavaFX Application Thread] DEBUG PrimaryStageWindow   - BombermanMenu <- DialogSubScene
00:16:31.492 [JavaFX Application Thread] DEBUG Menu                 - fireNewGame()
00:16:31.493 [JavaFX Application Thread] DEBUG GameApplicationServi - Starting new game
00:16:31.493 [JavaFX Application Thread] DEBUG PrimaryStageWindow   - Pop state: BombermanMenu
00:16:31.493 [JavaFX Application Thread] DEBUG Input                - Clearing active input actions
00:16:31.493 [JavaFX Application Thread] DEBUG GameApplicationServi - Removing overlay from BombermanMenu and adding to FXGLMainMenuDummyScene
00:16:31.494 [JavaFX Application Thread] DEBUG PrimaryStageWindow   - FXGLMainMenuDummyScene <- BombermanMenu
00:16:31.494 [JavaFX Application Thread] DEBUG Input                - Clearing active input actions
00:16:31.501 [JavaFX Application Thread] DEBUG GameApplicationServi - Removing overlay from FXGLMainMenuDummyScene and adding to FXGLLoadingScene
00:16:31.501 [JavaFX Application Thread] DEBUG PrimaryStageWindow   - FXGLMainMenuDummyScene -> FXGLLoadingScene
00:16:31.501 [JavaFX Application Thread] DEBUG GameApplicationServi - Clearing previous game
00:16:31.501 [JavaFX Application Thread] DEBUG GameScene            - Clearing game scene
00:16:31.501 [JavaFX Application Thread] DEBUG GameWorld            - Clearing game world
00:16:31.508 [JavaFX Application Thread] DEBUG PhysicsWorld         - Clearing physics world
00:16:31.509 [FXGL Background Thread 5 ] DEBUG FXGLApplication      - Initializing game
00:16:31.512 [FXGL Background Thread 5 ] WARN  TMXLevelLoader       - TiledMap generated from 1.7.2. Supported version: 1.2.3. Some features may not be parsed fully.
00:16:31.517 [FXGL Background Thread 5 ] DEBUG TMXLevelLoader       - Parsed TiledMap: jar:file:/D:/Code/BombermanJavaFx/Bomberman/out/artifacts/Bomberman_jar/Bomberman.jar!/assets/levels/bbm_level1.tmx
00:16:31.517 [FXGL Background Thread 5 ] DEBUG TMXLevelLoader       - Creating tile layer entities
00:16:31.517 [FXGL Background Thread 5 ] DEBUG TilesetLoader        - Loading view for layer Tile Layer 1
00:16:31.517 [FXGL Background Thread 5 ] DEBUG TilesetLoader        - Created buffer with size 1488.0x720.0
00:16:31.566 [FXGL Background Thread 5 ] DEBUG TMXLevelLoader       - Creating object layer entities
00:16:31.586 [FXGL Background Thread 5 ] DEBUG GameWorld            - Clearing removable entities
00:16:31.586 [FXGL Background Thread 5 ] DEBUG GameWorld            - Setting level: com.almasb.fxgl.entity.level.Level@1115c927
00:16:31.597 [FXGL Background Thread 5 ] INFO  FXGLApplication      - Game initialization took: 0.088 sec
00:16:31.607 [JavaFX Application Thread] DEBUG Input                - Clearing active input actions
00:16:31.615 [JavaFX Application Thread] DEBUG GameApplicationServi - Removing overlay from FXGLLoadingScene and adding to GameScene
00:16:31.616 [JavaFX Application Thread] DEBUG PrimaryStageWindow   - FXGLLoadingScene -> GameScene
00:16:39.781 [JavaFX Application Thread] DEBUG FXGLApplication      - Exiting FXGL
00:16:39.781 [JavaFX Application Thread] DEBUG LoopRunner           - Stopping loop
00:16:39.781 [JavaFX Application Thread] DEBUG SystemBundleService  - Saving FXGL system data
00:16:39.784 [JavaFX Application Thread] DEBUG FileSystemAccess     - Writing to: D:\Code\BombermanJavaFx\Bomberman\out\artifacts\Bomberman_jar\system\fxgl.bundle
00:16:39.789 [JavaFX Application Thread] DEBUG Async                - Shutting down background threads
00:16:39.789 [JavaFX Application Thread] DEBUG PrimaryStageWindow   - Closing main window
00:16:39.798 [JavaFX Application Thread] DEBUG Logger               - Closing Logger
